#
# A fatal error has been detected by the Java Runtime Environment:
#
#  EXCEPTION_ACCESS_VIOLATION (0xc0000005) at pc=0x00000163aff11066, pid=14816, tid=0x00000000000096a4
#
# JRE version: OpenJDK Runtime Environment (8.0_392-b08) (build 1.8.0_392-b08)
# Java VM: OpenJDK 64-Bit Server VM (25.392-b08 mixed mode windows-amd64 compressed oops)
# Problematic frame:
# C  [OpenAL64.dll+0x11066]
#
# Failed to write core dump. Minidumps are not enabled by default on client versions of Windows
#
# If you would like to submit a bug report, please visit:
#   https://github.com/adoptium/adoptium-support/issues
# The crash happened outside the Java Virtual Machine in native code.
# See problematic frame for where to report the bug.
#

---------------  T H R E A D  ---------------

Current thread (0x000001639328b800):  JavaThread "main" [_thread_in_native, id=38564, stack(0x000000114bf00000,0x000000114c000000)]

siginfo: ExceptionCode=0xc0000005, reading address 0x00000163ae6ec004

Registers:
RAX=0x000000000006ffff, RBX=0x00000163b07e0090, RCX=0x00000163ae6ec008, RDX=0x00000163ae6ec004
RSP=0x000000114bffc100, RBP=0x00000000000000ff, RSI=0x00000163ae6dd9dc, RDI=0x0000000000000000
R8 =0x000000000000398a, R9 =0x00000163ae6dd9dc, R10=0x0000016394c59c62, R11=0x000000006fa18f70
R12=0x0000000000000001, R13=0x00000163b00dedc8, R14=0x000000114bffc2a0, R15=0x000001639328b800
RIP=0x00000163aff11066, EFLAGS=0x0000000000010202

Top of Stack: (sp=0x000000114bffc100)
0x000000114bffc100:   0000000000000000 000001639328b800
0x000000114bffc110:   000000114bffc2a0 00000163b00dedc8
0x000000114bffc120:   00000163b00dedc8 0000000000000000
0x000000114bffc130:   000001639328b800 0000000000000000
0x000000114bffc140:   000000114bffc268 000000006f8af27b
0x000000114bffc150:   000000114bffc180 0000016394c9a6d3
0x000000114bffc160:   00000163932592a0 000001639328db50
0x000000114bffc170:   000001639328b800 000000114bffc2a0
0x000000114bffc180:   00000163b00dedc8 0000000000000000
0x000000114bffc190:   00000163ae6dd9dc 0000000000000248
0x000000114bffc1a0:   000000114bffc268 00000163aff1248f
0x000000114bffc1b0:   00000163b07e0090 00000163b07e0090
0x000000114bffc1c0:   000001630000ac44 000001630006ffff
0x000000114bffc1d0:   0000016394c47bd0 0000016394c59c8e
0x000000114bffc1e0:   00000163b00dedc8 0000000000000248
0x000000114bffc1f0:   0000016394c47bd0 0000016394c5999b 

Instructions: (pc=0x00000163aff11066)
0x00000163aff11046:   41 2b ec 81 3a 03 00 02 00 75 09 8b 01 89 84 24
0x00000163aff11056:   c8 00 00 00 49 83 c0 02 48 83 c1 08 4a 8d 14 86
0x00000163aff11066:   39 3a 75 af 4c 8d 84 24 c0 00 00 00 48 8d 15 d7
0x00000163aff11076:   2b 03 00 33 c9 e8 58 5f 00 00 b8 40 1f 00 00 4c 


Register to memory mapping:

RAX=0x000000000006ffff is an unknown value
RBX=0x00000163b07e0090 is an unknown value
RCX=0x00000163ae6ec008 is an unknown value
RDX=0x00000163ae6ec004 is an unknown value
RSP=0x000000114bffc100 is pointing into the stack for thread: 0x000001639328b800
RBP=0x00000000000000ff is an unknown value
RSI=0x00000163ae6dd9dc is an unknown value
RDI=0x0000000000000000 is an unknown value
R8 =0x000000000000398a is an unknown value
R9 =0x00000163ae6dd9dc is an unknown value
R10=0x0000016394c59c62 is at code_begin+962 in an Interpreter codelet
method entry point (kind = native)  [0x0000016394c598a0, 0x0000016394c5a340]  2720 bytes
R11=0x000000006fa18f70 is an unknown value
R12=0x0000000000000001 is an unknown value
R13={method} {0x00000163b00dedd0} 'nalcCreateContext' '(JJ)J' in 'org/lwjgl/openal/ALC10'
R14=0x000000114bffc2a0 is pointing into the stack for thread: 0x000001639328b800
R15=0x000001639328b800 is a thread


Stack: [0x000000114bf00000,0x000000114c000000],  sp=0x000000114bffc100,  free space=1008k
Native frames: (J=compiled Java code, j=interpreted, Vv=VM code, C=native code)
C  [OpenAL64.dll+0x11066]
C  [OpenAL64.dll+0x1248f]
C  0x0000016394c59c8e

Java frames: (J=compiled Java code, j=interpreted, Vv=VM code)
j  org.lwjgl.openal.ALC10.nalcCreateContext(JJ)J+0
j  org.lwjgl.openal.ALC10.alcCreateContext(Lorg/lwjgl/openal/ALCdevice;Ljava/nio/IntBuffer;)Lorg/lwjgl/openal/ALCcontext;+8
j  org.lwjgl.openal.AL.init(Ljava/lang/String;IIZZ)V+69
j  org.lwjgl.openal.AL.create(Ljava/lang/String;IIZZ)V+246
j  org.lwjgl.openal.AL.create(Ljava/lang/String;IIZ)V+5
j  org.lwjgl.openal.AL.create()V+6
j  com.badlogic.gdx.backends.lwjgl.audio.OpenALAudio.<init>(III)V+114
j  com.badlogic.gdx.backends.lwjgl.LwjglApplication.<init>(Lcom/badlogic/gdx/ApplicationListener;Lcom/badlogic/gdx/backends/lwjgl/LwjglApplicationConfiguration;Lcom/badlogic/gdx/backends/lwjgl/LwjglGraphics;)V+120
j  com.badlogic.gdx.backends.lwjgl.LwjglApplication.<init>(Lcom/badlogic/gdx/ApplicationListener;Lcom/badlogic/gdx/backends/lwjgl/LwjglApplicationConfiguration;)V+11
j  org.uqbar.project.wollok.game.gameboard.WollokGDXApplication.<init>(Lorg/uqbar/project/wollok/game/gameboard/Gameboard;Ljava/lang/Boolean;)V+17
j  org.uqbar.project.wollok.game.helpers.Application.start(Lorg/uqbar/project/wollok/game/gameboard/Gameboard;Ljava/lang/Boolean;)V+5
j  org.uqbar.project.wollok.game.gameboard.Gameboard.start(Ljava/lang/Boolean;)V+13
j  wollok.game.GameObject.doStart(Ljava/lang/Boolean;)V+12
v  ~StubRoutines::call_stub
J 3228  sun.reflect.NativeMethodAccessorImpl.invoke0(Ljava/lang/reflect/Method;Ljava/lang/Object;[Ljava/lang/Object;)Ljava/lang/Object; (0 bytes) @ 0x000001639566b53f [0x000001639566b4c0+0x7f]
J 3227 C1 sun.reflect.NativeMethodAccessorImpl.invoke(Ljava/lang/Object;[Ljava/lang/Object;)Ljava/lang/Object; (104 bytes) @ 0x0000016395670fa4 [0x000001639566fe00+0x11a4]
J 2703 C1 sun.reflect.DelegatingMethodAccessorImpl.invoke(Ljava/lang/Object;[Ljava/lang/Object;)Ljava/lang/Object; (10 bytes) @ 0x0000016395507604 [0x0000016395507500+0x104]
J 2702 C1 java.lang.reflect.Method.invoke(Ljava/lang/Object;[Ljava/lang/Object;)Ljava/lang/Object; (62 bytes) @ 0x00000163954f856c [0x00000163954f8180+0x3ec]
J 3728 C1 org.uqbar.project.wollok.ui.utils.XTendUtilExtensions.invokeConvertingArgs(Ljava/lang/reflect/Method;Ljava/lang/Object;[Ljava/lang/Object;)Lorg/uqbar/project/wollok/interpreter/core/WollokObject; (368 bytes) @ 0x000001639586b364 [0x00000163958697a0+0x1bc4]
J 3614 C1 org.uqbar.project.wollok.interpreter.AbstractWollokCallable._invokeNative(Ljava/lang/Object;Ljava/lang/String;[Lorg/uqbar/project/wollok/interpreter/core/WollokObject;)Lorg/uqbar/project/wollok/interpreter/core/WollokObject; (49 bytes) @ 0x00000163957e4564 [0x00000163957e42c0+0x2a4]
J 3613 C1 org.uqbar.project.wollok.interpreter.AbstractWollokCallable.invokeNative(Ljava/lang/Object;Ljava/lang/String;[Lorg/uqbar/project/wollok/interpreter/core/WollokObject;)Lorg/uqbar/project/wollok/interpreter/core/WollokObject; (76 bytes) @ 0x00000163957e7b2c [0x00000163957e6ee0+0xc4c]
J 3638 C1 org.uqbar.project.wollok.interpreter.AbstractWollokCallable$1.apply()Lorg/uqbar/project/wollok/interpreter/core/WollokObject; (145 bytes) @ 0x0000016395803a9c [0x0000016395803440+0x65c]
J 3637 C1 org.uqbar.project.wollok.interpreter.AbstractWollokCallable$1.apply()Ljava/lang/Object; (5 bytes) @ 0x0000016395800c8c [0x0000016395800c00+0x8c]
J 3527 C1 org.uqbar.project.wollok.interpreter.threads.WThread.performOnStack(Lorg/eclipse/emf/ecore/EObject;Lorg/uqbar/project/wollok/interpreter/context/EvaluationContext;Lorg/eclipse/xtext/xbase/lib/Functions$Function0;)Lorg/uqbar/project/wollok/interpreter/core/WollokObject; (157 bytes) @ 0x00000163957ac7b4 [0x00000163957ac480+0x334]
J 3622 C1 org.uqbar.project.wollok.interpreter.AbstractWollokCallable.call(Lorg/uqbar/project/wollok/wollokDsl/WMethodDeclaration;[Lorg/uqbar/project/wollok/interpreter/core/WollokObject;)Lorg/uqbar/project/wollok/interpreter/core/WollokObject; (46 bytes) @ 0x00000163957f0274 [0x00000163957ef5a0+0xcd4]
J 3547 C1 org.uqbar.project.wollok.interpreter.core.WollokObject.call(Ljava/lang/String;[Lorg/uqbar/project/wollok/interpreter/core/WollokObject;)Lorg/uqbar/project/wollok/interpreter/core/WollokObject; (61 bytes) @ 0x00000163957b8cbc [0x00000163957b8600+0x6bc]
J 3550 C1 org.uqbar.project.wollok.interpreter.WollokInterpreterEvaluator._evaluate(Lorg/uqbar/project/wollok/wollokDsl/WFeatureCall;)Lorg/uqbar/project/wollok/interpreter/core/WollokObject; (125 bytes) @ 0x00000163957ba654 [0x00000163957b94c0+0x1194]
J 3421 C1 org.uqbar.project.wollok.launch.WollokLauncherInterpreterEvaluator.evaluate(Lorg/eclipse/emf/ecore/EObject;)Lorg/uqbar/project/wollok/interpreter/core/WollokObject; (502 bytes) @ 0x000001639571ad0c [0x0000016395716b60+0x41ac]
J 3425 C1 org.uqbar.project.wollok.interpreter.WollokInterpreter.eval(Lorg/eclipse/emf/ecore/EObject;)Lorg/uqbar/project/wollok/interpreter/core/WollokObject; (190 bytes) @ 0x0000016395713dcc [0x00000163957133c0+0xa0c]
J 3705 C1 org.uqbar.project.wollok.interpreter.WollokInterpreterEvaluator$1.apply(Ljava/lang/Object;Ljava/lang/Object;)Ljava/lang/Object; (13 bytes) @ 0x000001639583a924 [0x000001639583a5a0+0x384]
J 3355 C1 org.eclipse.xtext.xbase.lib.IteratorExtensions.fold(Ljava/util/Iterator;Ljava/lang/Object;Lorg/eclipse/xtext/xbase/lib/Functions$Function2;)Ljava/lang/Object; (30 bytes) @ 0x00000163956da41c [0x00000163956da260+0x1bc]
J 3771 C1 org.uqbar.project.wollok.interpreter.WollokInterpreterEvaluator._evaluate(Lorg/uqbar/project/wollok/wollokDsl/WBlockExpression;)Lorg/uqbar/project/wollok/interpreter/core/WollokObject; (40 bytes) @ 0x0000016395888ad4 [0x0000016395887e80+0xc54]
J 3421 C1 org.uqbar.project.wollok.launch.WollokLauncherInterpreterEvaluator.evaluate(Lorg/eclipse/emf/ecore/EObject;)Lorg/uqbar/project/wollok/interpreter/core/WollokObject; (502 bytes) @ 0x000001639571e2f4 [0x0000016395716b60+0x7794]
J 3425 C1 org.uqbar.project.wollok.interpreter.WollokInterpreter.eval(Lorg/eclipse/emf/ecore/EObject;)Lorg/uqbar/project/wollok/interpreter/core/WollokObject; (190 bytes) @ 0x0000016395713dcc [0x00000163957133c0+0xa0c]
J 3638 C1 org.uqbar.project.wollok.interpreter.AbstractWollokCallable$1.apply()Lorg/uqbar/project/wollok/interpreter/core/WollokObject; (145 bytes) @ 0x0000016395803ddc [0x0000016395803440+0x99c]
J 3637 C1 org.uqbar.project.wollok.interpreter.AbstractWollokCallable$1.apply()Ljava/lang/Object; (5 bytes) @ 0x0000016395800c8c [0x0000016395800c00+0x8c]
J 3527 C1 org.uqbar.project.wollok.interpreter.threads.WThread.performOnStack(Lorg/eclipse/emf/ecore/EObject;Lorg/uqbar/project/wollok/interpreter/context/EvaluationContext;Lorg/eclipse/xtext/xbase/lib/Functions$Function0;)Lorg/uqbar/project/wollok/interpreter/core/WollokObject; (157 bytes) @ 0x00000163957ac7b4 [0x00000163957ac480+0x334]
J 3622 C1 org.uqbar.project.wollok.interpreter.AbstractWollokCallable.call(Lorg/uqbar/project/wollok/wollokDsl/WMethodDeclaration;[Lorg/uqbar/project/wollok/interpreter/core/WollokObject;)Lorg/uqbar/project/wollok/interpreter/core/WollokObject; (46 bytes) @ 0x00000163957f0274 [0x00000163957ef5a0+0xcd4]
J 3547 C1 org.uqbar.project.wollok.interpreter.core.WollokObject.call(Ljava/lang/String;[Lorg/uqbar/project/wollok/interpreter/core/WollokObject;)Lorg/uqbar/project/wollok/interpreter/core/WollokObject; (61 bytes) @ 0x00000163957b8cbc [0x00000163957b8600+0x6bc]
J 3550 C1 org.uqbar.project.wollok.interpreter.WollokInterpreterEvaluator._evaluate(Lorg/uqbar/project/wollok/wollokDsl/WFeatureCall;)Lorg/uqbar/project/wollok/interpreter/core/WollokObject; (125 bytes) @ 0x00000163957ba654 [0x00000163957b94c0+0x1194]
J 3421 C1 org.uqbar.project.wollok.launch.WollokLauncherInterpreterEvaluator.evaluate(Lorg/eclipse/emf/ecore/EObject;)Lorg/uqbar/project/wollok/interpreter/core/WollokObject; (502 bytes) @ 0x000001639571ad0c [0x0000016395716b60+0x41ac]
J 3425 C1 org.uqbar.project.wollok.interpreter.WollokInterpreter.eval(Lorg/eclipse/emf/ecore/EObject;)Lorg/uqbar/project/wollok/interpreter/core/WollokObject; (190 bytes) @ 0x0000016395713dcc [0x00000163957133c0+0xa0c]
J 3705 C1 org.uqbar.project.wollok.interpreter.WollokInterpreterEvaluator$1.apply(Ljava/lang/Object;Ljava/lang/Object;)Ljava/lang/Object; (13 bytes) @ 0x000001639583a924 [0x000001639583a5a0+0x384]
j  org.eclipse.xtext.xbase.lib.IteratorExtensions.fold(Ljava/util/Iterator;Ljava/lang/Object;Lorg/eclipse/xtext/xbase/lib/Functions$Function2;)Ljava/lang/Object;+19
j  org.eclipse.xtext.xbase.lib.IterableExtensions.fold(Ljava/lang/Iterable;Ljava/lang/Object;Lorg/eclipse/xtext/xbase/lib/Functions$Function2;)Ljava/lang/Object;+8
j  org.uqbar.project.wollok.interpreter.WollokInterpreterEvaluator.evalAll(Ljava/lang/Iterable;)Lorg/uqbar/project/wollok/interpreter/core/WollokObject;+12
j  org.uqbar.project.wollok.interpreter.WollokInterpreterEvaluator._evaluate(Lorg/uqbar/project/wollok/wollokDsl/WProgram;)Lorg/uqbar/project/wollok/interpreter/core/WollokObject;+18
j  org.uqbar.project.wollok.launch.WollokLauncherInterpreterEvaluator.evaluate(Lorg/eclipse/emf/ecore/EObject;)Lorg/uqbar/project/wollok/interpreter/core/WollokObject;+444
j  org.uqbar.project.wollok.interpreter.WollokInterpreterEvaluator.evaluate(Lorg/eclipse/emf/ecore/EObject;)Ljava/lang/Object;+2
j  org.uqbar.project.wollok.interpreter.WollokInterpreter.eval(Lorg/eclipse/emf/ecore/EObject;)Lorg/uqbar/project/wollok/interpreter/core/WollokObject;+63
j  org.uqbar.project.wollok.interpreter.WollokInterpreterEvaluator.eval(Lorg/eclipse/emf/ecore/EObject;)Lorg/uqbar/project/wollok/interpreter/core/WollokObject;+5
j  org.uqbar.project.wollok.launch.WollokLauncherInterpreterEvaluator._evaluate(Lorg/uqbar/project/wollok/wollokDsl/WFile;)Lorg/uqbar/project/wollok/interpreter/core/WollokObject;+32
j  org.uqbar.project.wollok.launch.WollokLauncherInterpreterEvaluator.evaluate(Lorg/eclipse/emf/ecore/EObject;)Lorg/uqbar/project/wollok/interpreter/core/WollokObject;+428
j  org.uqbar.project.wollok.interpreter.WollokInterpreterEvaluator.evaluate(Lorg/eclipse/emf/ecore/EObject;)Ljava/lang/Object;+2
j  org.uqbar.project.wollok.interpreter.WollokInterpreter.interpret(Lorg/eclipse/emf/ecore/EObject;Ljava/lang/Boolean;)Lorg/uqbar/project/wollok/interpreter/core/WollokObject;+25
j  org.uqbar.project.wollok.interpreter.WollokInterpreter.interpret(Lorg/eclipse/emf/ecore/EObject;)Lorg/uqbar/project/wollok/interpreter/core/WollokObject;+8
j  org.uqbar.project.wollok.launch.WollokLauncher.doSomething(Lorg/uqbar/project/wollok/wollokDsl/WFile;Lcom/google/inject/Injector;Ljava/io/File;Lorg/uqbar/project/wollok/launch/WollokLauncherParameters;)V+109
j  org.uqbar.project.wollok.launch.WollokChecker.launch(Ljava/lang/String;Lorg/uqbar/project/wollok/launch/WollokLauncherParameters;)V+31
j  org.uqbar.project.wollok.launch.WollokChecker.doMain([Ljava/lang/String;)V+205
j  org.uqbar.project.wollok.launch.WollokLauncher.main([Ljava/lang/String;)V+8
v  ~StubRoutines::call_stub

---------------  P R O C E S S  ---------------

Java Threads: ( => current thread )
  0x00000163ac2ff800 JavaThread "com.google.inject.internal.util.$Finalizer" daemon [_thread_blocked, id=40984, stack(0x000000114d600000,0x000000114d700000)]
  0x00000163ac4e3000 JavaThread "EMF Reference Cleaner" daemon [_thread_blocked, id=36360, stack(0x000000114d500000,0x000000114d600000)]
  0x00000163ab842000 JavaThread "Service Thread" daemon [_thread_blocked, id=39784, stack(0x000000114d300000,0x000000114d400000)]
  0x00000163a9352000 JavaThread "C1 CompilerThread3" daemon [_thread_blocked, id=14088, stack(0x000000114d200000,0x000000114d300000)]
  0x00000163a9358000 JavaThread "C2 CompilerThread2" daemon [_thread_blocked, id=37496, stack(0x000000114d100000,0x000000114d200000)]
  0x00000163a934f000 JavaThread "C2 CompilerThread1" daemon [_thread_blocked, id=30764, stack(0x000000114d000000,0x000000114d100000)]
  0x00000163a934d800 JavaThread "C2 CompilerThread0" daemon [_thread_blocked, id=3544, stack(0x000000114cf00000,0x000000114d000000)]
  0x00000163a9348800 JavaThread "Attach Listener" daemon [_thread_blocked, id=17728, stack(0x000000114ce00000,0x000000114cf00000)]
  0x00000163a9344800 JavaThread "Signal Dispatcher" daemon [_thread_blocked, id=37848, stack(0x000000114cd00000,0x000000114ce00000)]
  0x00000163a931b000 JavaThread "Finalizer" daemon [_thread_blocked, id=13388, stack(0x000000114cc00000,0x000000114cd00000)]
  0x00000163a9314800 JavaThread "Reference Handler" daemon [_thread_blocked, id=37192, stack(0x000000114cb00000,0x000000114cc00000)]
=>0x000001639328b800 JavaThread "main" [_thread_in_native, id=38564, stack(0x000000114bf00000,0x000000114c000000)]

Other Threads:
  0x00000163a92ec800 VMThread [stack: 0x000000114ca00000,0x000000114cb00000] [id=37660]
  0x00000163ab844000 WatcherThread [stack: 0x000000114d400000,0x000000114d500000] [id=37132]

VM state:not at safepoint (normal execution)

VM Mutex/Monitor currently owned by a thread: None

heap address: 0x0000000084000000, size: 1984 MB, Compressed Oops mode: 32-bit
Narrow klass base: 0x0000000000000000, Narrow klass shift: 3
Compressed class space size: 1073741824 Address: 0x0000000100000000

Heap:
 PSYoungGen      total 132096K, used 89249K [0x00000000d6b00000, 0x00000000df100000, 0x0000000100000000)
  eden space 126976K, 70% used [0x00000000d6b00000,0x00000000dc2287c8,0x00000000de700000)
  from space 5120K, 0% used [0x00000000dec00000,0x00000000dec00000,0x00000000df100000)
  to   space 5120K, 0% used [0x00000000de700000,0x00000000de700000,0x00000000dec00000)
 ParOldGen       total 88576K, used 24651K [0x0000000084000000, 0x0000000089680000, 0x00000000d6b00000)
  object space 88576K, 27% used [0x0000000084000000,0x0000000085812c88,0x0000000089680000)
 Metaspace       used 22315K, capacity 22656K, committed 22912K, reserved 1069056K
  class space    used 2777K, capacity 2874K, committed 2944K, reserved 1048576K

Card table byte_map: [0x00000163a4000000,0x00000163a43f0000] byte_map_base: 0x00000163a3be0000

Marking Bits: (ParMarkBitMap*) 0x000000006fff0830
 Begin Bits: [0x00000163a4690000, 0x00000163a6590000)
 End Bits:   [0x00000163a6590000, 0x00000163a8490000)

Polling page: 0x00000163933d0000

CodeCache: size=245760Kb used=12904Kb max_used=12910Kb free=232855Kb
 bounds [0x0000016394c40000, 0x00000163958f0000, 0x00000163a3c40000]
 total_blobs=4313 nmethods=3859 adapters=365
 compilation: enabled

Compilation events (10 events):
Event: 1.867 Thread 0x00000163a9352000 nmethod 3855 0x00000163958cd250 code [0x00000163958cd3c0, 0x00000163958cd638]
Event: 1.867 Thread 0x00000163a9352000 3856       1       java.nio.DirectByteBuffer::ix (10 bytes)
Event: 1.867 Thread 0x00000163a9352000 nmethod 3856 0x00000163958ccf90 code [0x00000163958cd0e0, 0x00000163958cd1f8]
Event: 1.868 Thread 0x00000163a934d800 nmethod 3857 0x00000163958ca090 code [0x00000163958ca1c0, 0x00000163958ca258]
Event: 1.869 Thread 0x00000163a9352000 3858       3       java.io.WinNTFileSystem::parentOrNull (171 bytes)
Event: 1.869 Thread 0x00000163a9352000 nmethod 3858 0x00000163958c8bd0 code [0x00000163958c8e00, 0x00000163958c9b80]
Event: 1.906 Thread 0x00000163a9352000 3860       3       java.lang.reflect.Method::setMethodAccessor (21 bytes)
Event: 1.907 Thread 0x00000163a9352000 nmethod 3860 0x00000163958cc950 code [0x00000163958ccac0, 0x00000163958cce70]
Event: 1.907 Thread 0x00000163a9352000 3859       1       java.lang.reflect.Method::getMethodAccessor (5 bytes)
Event: 1.907 Thread 0x00000163a9352000 nmethod 3859 0x00000163958cc690 code [0x00000163958cc7e0, 0x00000163958cc8f8]

GC Heap History (10 events):
Event: 0.324 GC heap before
{Heap before GC invocations=1 (full 0):
 PSYoungGen      total 36864K, used 31744K [0x00000000d6b00000, 0x00000000d9400000, 0x0000000100000000)
  eden space 31744K, 100% used [0x00000000d6b00000,0x00000000d8a00000,0x00000000d8a00000)
  from space 5120K, 0% used [0x00000000d8f00000,0x00000000d8f00000,0x00000000d9400000)
  to   space 5120K, 0% used [0x00000000d8a00000,0x00000000d8a00000,0x00000000d8f00000)
 ParOldGen       total 84992K, used 0K [0x0000000084000000, 0x0000000089300000, 0x00000000d6b00000)
  object space 84992K, 0% used [0x0000000084000000,0x0000000084000000,0x0000000089300000)
 Metaspace       used 7211K, capacity 7390K, committed 7552K, reserved 1056768K
  class space    used 791K, capacity 869K, committed 896K, reserved 1048576K
Event: 0.329 GC heap after
Heap after GC invocations=1 (full 0):
 PSYoungGen      total 36864K, used 5105K [0x00000000d6b00000, 0x00000000db300000, 0x0000000100000000)
  eden space 31744K, 0% used [0x00000000d6b00000,0x00000000d6b00000,0x00000000d8a00000)
  from space 5120K, 99% used [0x00000000d8a00000,0x00000000d8efc460,0x00000000d8f00000)
  to   space 5120K, 0% used [0x00000000dae00000,0x00000000dae00000,0x00000000db300000)
 ParOldGen       total 84992K, used 3787K [0x0000000084000000, 0x0000000089300000, 0x00000000d6b00000)
  object space 84992K, 4% used [0x0000000084000000,0x00000000843b2f18,0x0000000089300000)
 Metaspace       used 7211K, capacity 7390K, committed 7552K, reserved 1056768K
  class space    used 791K, capacity 869K, committed 896K, reserved 1048576K
}
Event: 0.473 GC heap before
{Heap before GC invocations=2 (full 0):
 PSYoungGen      total 36864K, used 36849K [0x00000000d6b00000, 0x00000000db300000, 0x0000000100000000)
  eden space 31744K, 100% used [0x00000000d6b00000,0x00000000d8a00000,0x00000000d8a00000)
  from space 5120K, 99% used [0x00000000d8a00000,0x00000000d8efc460,0x00000000d8f00000)
  to   space 5120K, 0% used [0x00000000dae00000,0x00000000dae00000,0x00000000db300000)
 ParOldGen       total 84992K, used 3787K [0x0000000084000000, 0x0000000089300000, 0x00000000d6b00000)
  object space 84992K, 4% used [0x0000000084000000,0x00000000843b2f18,0x0000000089300000)
 Metaspace       used 9995K, capacity 10192K, committed 10368K, reserved 1058816K
  class space    used 1195K, capacity 1288K, committed 1408K, reserved 1048576K
Event: 0.478 GC heap after
Heap after GC invocations=2 (full 0):
 PSYoungGen      total 68608K, used 5099K [0x00000000d6b00000, 0x00000000db300000, 0x0000000100000000)
  eden space 63488K, 0% used [0x00000000d6b00000,0x00000000d6b00000,0x00000000da900000)
  from space 5120K, 99% used [0x00000000dae00000,0x00000000db2fad60,0x00000000db300000)
  to   space 5120K, 0% used [0x00000000da900000,0x00000000da900000,0x00000000dae00000)
 ParOldGen       total 84992K, used 11005K [0x0000000084000000, 0x0000000089300000, 0x00000000d6b00000)
  object space 84992K, 12% used [0x0000000084000000,0x0000000084abf5e8,0x0000000089300000)
 Metaspace       used 9995K, capacity 10192K, committed 10368K, reserved 1058816K
  class space    used 1195K, capacity 1288K, committed 1408K, reserved 1048576K
}
Event: 0.862 GC heap before
{Heap before GC invocations=3 (full 0):
 PSYoungGen      total 68608K, used 68587K [0x00000000d6b00000, 0x00000000db300000, 0x0000000100000000)
  eden space 63488K, 100% used [0x00000000d6b00000,0x00000000da900000,0x00000000da900000)
  from space 5120K, 99% used [0x00000000dae00000,0x00000000db2fad60,0x00000000db300000)
  to   space 5120K, 0% used [0x00000000da900000,0x00000000da900000,0x00000000dae00000)
 ParOldGen       total 84992K, used 11005K [0x0000000084000000, 0x0000000089300000, 0x00000000d6b00000)
  object space 84992K, 12% used [0x0000000084000000,0x0000000084abf5e8,0x0000000089300000)
 Metaspace       used 17258K, capacity 17458K, committed 17664K, reserved 1064960K
  class space    used 2200K, capacity 2291K, committed 2304K, reserved 1048576K
Event: 0.868 GC heap after
Heap after GC invocations=3 (full 0):
 PSYoungGen      total 68608K, used 5097K [0x00000000d6b00000, 0x00000000df100000, 0x0000000100000000)
  eden space 63488K, 0% used [0x00000000d6b00000,0x00000000d6b00000,0x00000000da900000)
  from space 5120K, 99% used [0x00000000da900000,0x00000000dadfa558,0x00000000dae00000)
  to   space 5120K, 0% used [0x00000000dec00000,0x00000000dec00000,0x00000000df100000)
 ParOldGen       total 84992K, used 22157K [0x0000000084000000, 0x0000000089300000, 0x00000000d6b00000)
  object space 84992K, 26% used [0x0000000084000000,0x00000000855a3728,0x0000000089300000)
 Metaspace       used 17258K, capacity 17458K, committed 17664K, reserved 1064960K
  class space    used 2200K, capacity 2291K, committed 2304K, reserved 1048576K
}
Event: 1.373 GC heap before
{Heap before GC invocations=4 (full 0):
 PSYoungGen      total 68608K, used 50632K [0x00000000d6b00000, 0x00000000df100000, 0x0000000100000000)
  eden space 63488K, 71% used [0x00000000d6b00000,0x00000000d9777dc0,0x00000000da900000)
  from space 5120K, 99% used [0x00000000da900000,0x00000000dadfa558,0x00000000dae00000)
  to   space 5120K, 0% used [0x00000000dec00000,0x00000000dec00000,0x00000000df100000)
 ParOldGen       total 84992K, used 22157K [0x0000000084000000, 0x0000000089300000, 0x00000000d6b00000)
  object space 84992K, 26% used [0x0000000084000000,0x00000000855a3728,0x0000000089300000)
 Metaspace       used 20858K, capacity 21100K, committed 21248K, reserved 1067008K
  class space    used 2644K, capacity 2732K, committed 2816K, reserved 1048576K
Event: 1.380 GC heap after
Heap after GC invocations=4 (full 0):
 PSYoungGen      total 132096K, used 5114K [0x00000000d6b00000, 0x00000000df100000, 0x0000000100000000)
  eden space 126976K, 0% used [0x00000000d6b00000,0x00000000d6b00000,0x00000000de700000)
  from space 5120K, 99% used [0x00000000dec00000,0x00000000df0fea88,0x00000000df100000)
  to   space 5120K, 0% used [0x00000000de700000,0x00000000de700000,0x00000000dec00000)
 ParOldGen       total 84992K, used 29789K [0x0000000084000000, 0x0000000089300000, 0x00000000d6b00000)
  object space 84992K, 35% used [0x0000000084000000,0x0000000085d17510,0x0000000089300000)
 Metaspace       used 20858K, capacity 21100K, committed 21248K, reserved 1067008K
  class space    used 2644K, capacity 2732K, committed 2816K, reserved 1048576K
}
Event: 1.380 GC heap before
{Heap before GC invocations=5 (full 1):
 PSYoungGen      total 132096K, used 5114K [0x00000000d6b00000, 0x00000000df100000, 0x0000000100000000)
  eden space 126976K, 0% used [0x00000000d6b00000,0x00000000d6b00000,0x00000000de700000)
  from space 5120K, 99% used [0x00000000dec00000,0x00000000df0fea88,0x00000000df100000)
  to   space 5120K, 0% used [0x00000000de700000,0x00000000de700000,0x00000000dec00000)
 ParOldGen       total 84992K, used 29789K [0x0000000084000000, 0x0000000089300000, 0x00000000d6b00000)
  object space 84992K, 35% used [0x0000000084000000,0x0000000085d17510,0x0000000089300000)
 Metaspace       used 20858K, capacity 21100K, committed 21248K, reserved 1067008K
  class space    used 2644K, capacity 2732K, committed 2816K, reserved 1048576K
Event: 1.427 GC heap after
Heap after GC invocations=5 (full 1):
 PSYoungGen      total 132096K, used 0K [0x00000000d6b00000, 0x00000000df100000, 0x0000000100000000)
  eden space 126976K, 0% used [0x00000000d6b00000,0x00000000d6b00000,0x00000000de700000)
  from space 5120K, 0% used [0x00000000dec00000,0x00000000dec00000,0x00000000df100000)
  to   space 5120K, 0% used [0x00000000de700000,0x00000000de700000,0x00000000dec00000)
 ParOldGen       total 88576K, used 24651K [0x0000000084000000, 0x0000000089680000, 0x00000000d6b00000)
  object space 88576K, 27% used [0x0000000084000000,0x0000000085812c88,0x0000000089680000)
 Metaspace       used 20858K, capacity 21100K, committed 21248K, reserved 1067008K
  class space    used 2644K, capacity 2732K, committed 2816K, reserved 1048576K
}

Deoptimization events (10 events):
Event: 1.253 Thread 0x000001639328b800 Uncommon trap: reason=unstable_if action=reinterpret pc=0x00000163951329ac method=java.util.concurrent.ConcurrentHashMap.putVal(Ljava/lang/Object;Ljava/lang/Object;Z)Ljava/lang/Object; @ 181
Event: 1.502 Thread 0x000001639328b800 Uncommon trap: reason=predicate action=maybe_recompile pc=0x00000163956d9440 method=java.util.AbstractCollection.toArray([Ljava/lang/Object;)[Ljava/lang/Object; @ 49
Event: 1.549 Thread 0x000001639328b800 Uncommon trap: reason=array_check action=maybe_recompile pc=0x000001639575b028 method=java.util.AbstractCollection.toArray([Ljava/lang/Object;)[Ljava/lang/Object; @ 119
Event: 1.549 Thread 0x000001639328b800 Uncommon trap: reason=array_check action=maybe_recompile pc=0x000001639575b028 method=java.util.AbstractCollection.toArray([Ljava/lang/Object;)[Ljava/lang/Object; @ 119
Event: 1.549 Thread 0x000001639328b800 Uncommon trap: reason=array_check action=maybe_recompile pc=0x000001639575b028 method=java.util.AbstractCollection.toArray([Ljava/lang/Object;)[Ljava/lang/Object; @ 119
Event: 1.550 Thread 0x000001639328b800 Uncommon trap: reason=array_check action=maybe_recompile pc=0x000001639575b028 method=java.util.AbstractCollection.toArray([Ljava/lang/Object;)[Ljava/lang/Object; @ 119
Event: 1.637 Thread 0x000001639328b800 Uncommon trap: reason=predicate action=maybe_recompile pc=0x00000163958245a8 method=java.lang.Iterable.forEach(Ljava/util/function/Consumer;)V @ 21
Event: 1.743 Thread 0x000001639328b800 Uncommon trap: reason=unstable_if action=reinterpret pc=0x0000016394f75f60 method=java.io.WinNTFileSystem.normalize(Ljava/lang/String;)Ljava/lang/String; @ 49
Event: 1.763 Thread 0x000001639328b800 Uncommon trap: reason=predicate action=maybe_recompile pc=0x0000016395089b94 method=java.lang.String.regionMatches(ZILjava/lang/String;II)Z @ 63
Event: 1.850 Thread 0x000001639328b800 Uncommon trap: reason=unstable_if action=reinterpret pc=0x0000016394e7bcc8 method=java.lang.ThreadLocal$ThreadLocalMap.getEntry(Ljava/lang/ThreadLocal;)Ljava/lang/ThreadLocal$ThreadLocalMap$Entry; @ 29

Classes redefined (0 events):
No events

Internal exceptions (10 events):
Event: 1.347 Thread 0x000001639328b800 Exception <a 'java/lang/reflect/InvocationTargetException'> (0x00000000d946b4c0) thrown at [C:\workspace\openjdk-build\workspace\build\src\hotspot\src\share\vm\runtime\reflection.cpp, line 1092]
Event: 1.348 Thread 0x000001639328b800 Exception <a 'java/lang/reflect/InvocationTargetException'> (0x00000000d9484360) thrown at [C:\workspace\openjdk-build\workspace\build\src\hotspot\src\share\vm\runtime\reflection.cpp, line 1092]
Event: 1.348 Thread 0x000001639328b800 Exception <a 'java/lang/reflect/InvocationTargetException'> (0x00000000d949d1d0) thrown at [C:\workspace\openjdk-build\workspace\build\src\hotspot\src\share\vm\runtime\reflection.cpp, line 1092]
Event: 1.349 Thread 0x000001639328b800 Exception <a 'java/lang/reflect/InvocationTargetException'> (0x00000000d94b8940) thrown at [C:\workspace\openjdk-build\workspace\build\src\hotspot\src\share\vm\runtime\reflection.cpp, line 1092]
Event: 1.906 Thread 0x000001639328b800 Exception <a 'java/security/PrivilegedActionException'> (0x00000000dbf4e3a0) thrown at [C:\workspace\openjdk-build\workspace\build\src\hotspot\src\share\vm\prims\jvm.cpp, line 1514]
Event: 1.906 Thread 0x000001639328b800 Exception <a 'java/security/PrivilegedActionException'> (0x00000000dbf4f8d0) thrown at [C:\workspace\openjdk-build\workspace\build\src\hotspot\src\share\vm\prims\jvm.cpp, line 1514]
Event: 1.906 Thread 0x000001639328b800 Exception <a 'java/security/PrivilegedActionException'> (0x00000000dbf50d00) thrown at [C:\workspace\openjdk-build\workspace\build\src\hotspot\src\share\vm\prims\jvm.cpp, line 1514]
Event: 1.906 Thread 0x000001639328b800 Exception <a 'java/security/PrivilegedActionException'> (0x00000000dbf523c0) thrown at [C:\workspace\openjdk-build\workspace\build\src\hotspot\src\share\vm\prims\jvm.cpp, line 1514]
Event: 1.906 Thread 0x000001639328b800 Exception <a 'java/security/PrivilegedActionException'> (0x00000000dbf537b8) thrown at [C:\workspace\openjdk-build\workspace\build\src\hotspot\src\share\vm\prims\jvm.cpp, line 1514]
Event: 1.906 Thread 0x000001639328b800 Exception <a 'java/security/PrivilegedActionException'> (0x00000000dbf54b80) thrown at [C:\workspace\openjdk-build\workspace\build\src\hotspot\src\share\vm\prims\jvm.cpp, line 1514]

Events (10 events):
Event: 1.977 loading class org/lwjgl/openal/ALCdevice
Event: 1.977 loading class org/lwjgl/openal/ALCdevice done
Event: 1.978 loading class org/lwjgl/openal/ALCcontext
Event: 1.978 loading class org/lwjgl/openal/ALCcontext done
Event: 1.978 loading class java/nio/DirectIntBufferU
Event: 1.979 loading class java/nio/DirectIntBufferU done
Event: 1.979 loading class org/lwjgl/openal/Util
Event: 1.979 loading class org/lwjgl/openal/Util done
Event: 1.979 loading class org/lwjgl/openal/OpenALException
Event: 1.979 loading class org/lwjgl/openal/OpenALException done


Dynamic libraries:
0x00007ff7d0b90000 - 0x00007ff7d0be1000 	C:\Program Files\Eclipse Adoptium\jdk-8.0.392.8-hotspot\bin\javaw.exe
0x00007ffb34460000 - 0x00007ffb34669000 	C:\WINDOWS\SYSTEM32\ntdll.dll
0x00007ffb33c70000 - 0x00007ffb33d2d000 	C:\WINDOWS\System32\KERNEL32.DLL
0x00007ffb31cf0000 - 0x00007ffb32069000 	C:\WINDOWS\System32\KERNELBASE.dll
0x00007ffb33b60000 - 0x00007ffb33c0e000 	C:\WINDOWS\System32\ADVAPI32.dll
0x00007ffb33230000 - 0x00007ffb332d3000 	C:\WINDOWS\System32\msvcrt.dll
0x00007ffb33d40000 - 0x00007ffb33dde000 	C:\WINDOWS\System32\sechost.dll
0x00007ffb33940000 - 0x00007ffb33a60000 	C:\WINDOWS\System32\RPCRT4.dll
0x00007ffb34090000 - 0x00007ffb3423c000 	C:\WINDOWS\System32\USER32.dll
0x00007ffb31b30000 - 0x00007ffb31b56000 	C:\WINDOWS\System32\win32u.dll
0x00007ffb33660000 - 0x00007ffb33689000 	C:\WINDOWS\System32\GDI32.dll
0x00007ffb32070000 - 0x00007ffb32182000 	C:\WINDOWS\System32\gdi32full.dll
0x00007ffb31950000 - 0x00007ffb319ed000 	C:\WINDOWS\System32\msvcp_win.dll
0x00007ffb31b60000 - 0x00007ffb31c71000 	C:\WINDOWS\System32\ucrtbase.dll
0x00007ffb16380000 - 0x00007ffb16625000 	C:\WINDOWS\WinSxS\amd64_microsoft.windows.common-controls_6595b64144ccf1df_6.0.22000.120_none_9d947278b86cc467\COMCTL32.dll
0x00007ffb33170000 - 0x00007ffb331a1000 	C:\WINDOWS\System32\IMM32.DLL
0x00007ffb218b0000 - 0x00007ffb218c5000 	C:\Program Files\Eclipse Adoptium\jdk-8.0.392.8-hotspot\jre\bin\vcruntime140.dll
0x00007ffb128b0000 - 0x00007ffb1294b000 	C:\Program Files\Eclipse Adoptium\jdk-8.0.392.8-hotspot\jre\bin\msvcp140.dll
0x000000006f810000 - 0x0000000070069000 	C:\Program Files\Eclipse Adoptium\jdk-8.0.392.8-hotspot\jre\bin\server\jvm.dll
0x00007ffb33a60000 - 0x00007ffb33a68000 	C:\WINDOWS\System32\PSAPI.DLL
0x00007ffb29e70000 - 0x00007ffb29ea3000 	C:\WINDOWS\SYSTEM32\WINMM.dll
0x00007ffb20720000 - 0x00007ffb2072a000 	C:\WINDOWS\SYSTEM32\VERSION.dll
0x00007ffb0eb90000 - 0x00007ffb0eb99000 	C:\WINDOWS\SYSTEM32\WSOCK32.dll
0x00007ffb338d0000 - 0x00007ffb3393f000 	C:\WINDOWS\System32\WS2_32.dll
0x00007ffb30a20000 - 0x00007ffb30a38000 	C:\WINDOWS\SYSTEM32\kernel.appcore.dll
0x00007ffb0de10000 - 0x00007ffb0de20000 	C:\Program Files\Eclipse Adoptium\jdk-8.0.392.8-hotspot\jre\bin\verify.dll
0x00007ffaf4770000 - 0x00007ffaf479b000 	C:\Program Files\Eclipse Adoptium\jdk-8.0.392.8-hotspot\jre\bin\java.dll
0x00007ffb072b0000 - 0x00007ffb072c8000 	C:\Program Files\Eclipse Adoptium\jdk-8.0.392.8-hotspot\jre\bin\zip.dll
0x00007ffb329c0000 - 0x00007ffb3316f000 	C:\WINDOWS\System32\SHELL32.dll
0x00007ffb2fa80000 - 0x00007ffb302e8000 	C:\WINDOWS\SYSTEM32\windows.storage.dll
0x00007ffb332e0000 - 0x00007ffb33658000 	C:\WINDOWS\System32\combase.dll
0x00007ffb2f910000 - 0x00007ffb2fa76000 	C:\WINDOWS\SYSTEM32\wintypes.dll
0x00007ffb34240000 - 0x00007ffb3432a000 	C:\WINDOWS\System32\SHCORE.dll
0x00007ffb343c0000 - 0x00007ffb3441d000 	C:\WINDOWS\System32\shlwapi.dll
0x00007ffb31880000 - 0x00007ffb318a1000 	C:\WINDOWS\SYSTEM32\profapi.dll
0x0000000065580000 - 0x0000000065616000 	C:\Users\valen\AppData\Local\Temp\libgdxvalen\12dfaa03\gdx64.dll
0x00007ffb310c0000 - 0x00007ffb310d8000 	C:\WINDOWS\SYSTEM32\CRYPTSP.dll
0x00007ffb30980000 - 0x00007ffb309b5000 	C:\WINDOWS\system32\rsaenh.dll
0x00007ffb30f70000 - 0x00007ffb30f99000 	C:\WINDOWS\SYSTEM32\USERENV.dll
0x00007ffb31240000 - 0x00007ffb31267000 	C:\WINDOWS\SYSTEM32\bcrypt.dll
0x00007ffb319f0000 - 0x00007ffb31a6f000 	C:\WINDOWS\System32\bcryptprimitives.dll
0x00007ffb310e0000 - 0x00007ffb310ec000 	C:\WINDOWS\SYSTEM32\CRYPTBASE.dll
0x00007ffb067c0000 - 0x00007ffb067dc000 	C:\Program Files\Eclipse Adoptium\jdk-8.0.392.8-hotspot\jre\bin\net.dll
0x00007ffb30e80000 - 0x00007ffb30ee7000 	C:\WINDOWS\system32\mswsock.dll
0x00007ffb30540000 - 0x00007ffb3056d000 	C:\WINDOWS\SYSTEM32\IPHLPAPI.DLL
0x00007ffb32300000 - 0x00007ffb32309000 	C:\WINDOWS\System32\NSI.dll
0x00007ffb2a020000 - 0x00007ffb2a039000 	C:\WINDOWS\SYSTEM32\dhcpcsvc6.DLL
0x00007ffb2ae40000 - 0x00007ffb2ae5e000 	C:\WINDOWS\SYSTEM32\dhcpcsvc.DLL
0x00007ffb305b0000 - 0x00007ffb30698000 	C:\WINDOWS\SYSTEM32\DNSAPI.dll
0x00007ffb06510000 - 0x00007ffb06523000 	C:\Program Files\Eclipse Adoptium\jdk-8.0.392.8-hotspot\jre\bin\nio.dll
0x0000000180000000 - 0x0000000180053000 	C:\Users\valen\AppData\Local\Temp\libgdxvalen\dc0f0009\lwjgl64.dll
0x00007ffb04d70000 - 0x00007ffb04e71000 	C:\WINDOWS\SYSTEM32\OPENGL32.dll
0x00007ffb12880000 - 0x00007ffb128ad000 	C:\WINDOWS\SYSTEM32\GLU32.dll
0x00007ffb2eb70000 - 0x00007ffb2eba8000 	C:\WINDOWS\SYSTEM32\dxcore.dll
0x00000163aff00000 - 0x00000163aff64000 	C:\Users\valen\AppData\Local\Temp\libgdxvalen\dc0f0009\OpenAL64.dll
0x00007ffb33e10000 - 0x00007ffb33faa000 	C:\WINDOWS\System32\ole32.dll
0x00007ffb2ea40000 - 0x00007ffb2eaec000 	C:\WINDOWS\system32\uxtheme.dll
0x00007ffb32780000 - 0x00007ffb3282f000 	C:\WINDOWS\System32\clbcatq.dll
0x00007ffb0e210000 - 0x00007ffb0e2b2000 	C:\WINDOWS\SYSTEM32\dsound.dll
0x00007ffb31820000 - 0x00007ffb3186d000 	C:\WINDOWS\SYSTEM32\powrprof.dll
0x00007ffb22f00000 - 0x00007ffb22f29000 	C:\WINDOWS\SYSTEM32\winmmbase.dll
0x00007ffb0dc20000 - 0x00007ffb0dcd1000 	C:\WINDOWS\SYSTEM32\ResampleDmo.DLL
0x00007ffb33fb0000 - 0x00007ffb34086000 	C:\WINDOWS\System32\OLEAUT32.dll
0x00007ffb2dce0000 - 0x00007ffb2dceb000 	C:\WINDOWS\SYSTEM32\msdmo.dll
0x00007ffb31800000 - 0x00007ffb31813000 	C:\WINDOWS\SYSTEM32\UMPDC.dll
0x00007ffb258a0000 - 0x00007ffb2593c000 	C:\WINDOWS\System32\MMDevApi.dll
0x00007ffb315f0000 - 0x00007ffb3161c000 	C:\WINDOWS\System32\DEVOBJ.dll
0x00007ffb315a0000 - 0x00007ffb315ec000 	C:\WINDOWS\SYSTEM32\cfgmgr32.dll
0x00007ffb22470000 - 0x00007ffb22645000 	C:\WINDOWS\SYSTEM32\AUDIOSES.DLL
0x00007ffb2f460000 - 0x00007ffb2f681000 	C:\WINDOWS\SYSTEM32\dbghelp.dll

VM Arguments:
jvm_args: -Duser.language=es_AR -Dfile.encoding=UTF-8 
java_command: org.uqbar.project.wollok.launch.WollokLauncher -requestsPort 0 -eventsPort 0 -folder -dontValidate -wf src/zelda.wpgm
java_class_path (initial): C:\Users\valen\git\tp-game-s2-zelda\bin;C:\Users\valen\Downloads\wollok-win32.win32.x86_64\plugins\com.ibm.icu_64.2.0.v20190507-1337.jar;C:\Users\valen\Downloads\wollok-win32.win32.x86_64\plugins\org.eclipse.xtext_2.20.0.v20191202-0915.jar;C:\Users\valen\Downloads\wollok-win32.win32.x86_64\plugins\org.eclipse.emf.ecore.xmi_2.16.0.v20190528-0725.jar;C:\Users\valen\Downloads\wollok-win32.win32.x86_64\plugins\org.eclipse.emf.ecore_2.20.0.v20190920-0401.jar;C:\Users\valen\Downloads\wollok-win32.win32.x86_64\plugins\org.eclipse.emf.common_2.17.0.v20190920-0401.jar;C:\Users\valen\Downloads\wollok-win32.win32.x86_64\plugins\org.antlr.runtime_3.2.0.v201101311130.jar;C:\Users\valen\Downloads\wollok-win32.win32.x86_64\plugins\com.google.inject_3.0.0.v201605172100.jar;C:\Users\valen\Downloads\wollok-win32.win32.x86_64\plugins\org.eclipse.emf.mwe.core_1.5.1.v20191121-1148.jar;C:\Users\valen\Downloads\wollok-win32.win32.x86_64\plugins\org.apache.commons.cli_1.2.0.v201404270220.jar;C:\Users\valen\Downloads\wollok-win32.win32.x86_64\plugins\org.eclipse.emf.mwe2.runtime_2.11.1.v20191121-1148.jar;C:\Users\valen\Downloads\wollok-win32.win32.x86_64\plugins\org.eclipse.emf.mwe.utils_1.5.1.v20191121-1148.jar;C:\Users\valen\Downloads\wollok-win32.win32.x86_64\plugins\org.eclipse.xtext.util_2.20.0.v20191202-0915.jar;C:\Users\valen\Downloads\wollok-win32.win32.x86_64\plugins\com.google.guava_27.1.0.v20190517-1946.jar;C:\Users\valen\Downloads\wollok-win32.win32.x86_64\plugins\javax.inject_1.0.0.v20091030.jar;C:\Users\valen\Downloads\wollok-win32.win32.x86_64\plugins\org.eclipse.xtext.generator_2.20.0.v20191202-0933.jar;C:\Users\valen\Downloads\wollok-win32.win32.x86_64\plugins\org.eclipse.xtext.xtext.generator_2.20.0.v20191202-0915.jar;C:\Users\valen\Downloads\wollok-win32.win32.x86_64\plugins\org.eclipse.xtext.xbase.lib_2.20.0.v20191202-0907.jar;C:\Users\valen\Downloads\wollok-win32.win32.x86_64\plugins\org.eclipse.emf.codegen.ecore_2.20.0.v20191012-0918.jar;C:
Launcher Type: SUN_STANDARD

Environment Variables:
PATH=C:/Program Files/Eclipse Adoptium/jdk-8.0.392.8-hotspot/bin/../jre/bin/server;C:/Program Files/Eclipse Adoptium/jdk-8.0.392.8-hotspot/bin/../jre/bin;C:/Program Files/Eclipse Adoptium/jdk-8.0.392.8-hotspot/bin/../jre/lib/amd64;C:\Program Files\Eclipse Adoptium\jdk-8.0.392.8-hotspot\bin;C:\WINDOWS\system32;C:\WINDOWS;C:\WINDOWS\System32\Wbem;C:\WINDOWS\System32\WindowsPowerShell\v1.0\;C:\WINDOWS\System32\OpenSSH\;C:\Program Files\Git\cmd;C:\Users\valen\AppData\Local\Microsoft\WindowsApps;;C:\Users\valen\AppData\Local\Programs\Microsoft VS Code\bin;C:\Users\valen\Downloads\wollok-win32.win32.x86_64;
USERNAME=valen
OS=Windows_NT
PROCESSOR_IDENTIFIER=Intel64 Family 6 Model 154 Stepping 4, GenuineIntel



---------------  S Y S T E M  ---------------

OS: Windows 11 , 64 bit Build 22000 (10.0.22000.675)

CPU:total 12 (initial active 12) (6 cores per cpu, 2 threads per core) family 6 model 154 stepping 4, cmov, cx8, fxsr, mmx, sse, sse2, sse3, ssse3, sse4.1, sse4.2, popcnt, avx, avx2, aes, clmul, erms, 3dnowpref, lzcnt, ht, tsc, tscinvbit, bmi1, bmi2, adx

Memory: 4k page, physical 8119892k(2819976k free), swap 10085972k(3154764k free)

vm_info: OpenJDK 64-Bit Server VM (25.392-b08) for windows-amd64 JRE (1.8.0_392-b08), built on Oct 18 2023 01:02:03 by "jenkins" with MS VC++ 15.9 (VS2017)

time: Mon Nov  6 12:37:23 2023
timezone: Hora estándar de Argentina
elapsed time: 1.993774 seconds (0d 0h 0m 1s)

